<?xml version="1.0" encoding="UTF-8"?>
<!-- Generated by org.testng.reporters.JUnitReportReporter -->
<testsuite name="com.propertyradar.phonenumbercollection.Exceldatareading" tests="1" time="1.003" ignored="0" failures="0" timestamp="11 May 2018 07:24:29 GMT" skipped="0" hostname="SSG-INDIA-WS21" errors="0">
  <testcase name="datareading" time="1.003" classname="com.propertyradar.phonenumbercollection.Exceldatareading"/>
</testsuite> <!-- com.propertyradar.phonenumbercollection.Exceldatareading -->
