<?xml version="1.0" encoding="UTF-8"?>
<!-- Generated by org.testng.reporters.JUnitReportReporter -->
<testsuite name="com.propertyradar.phonenumbercollection.PhonenumberReterival" tests="1" time="10878.666" ignored="0" failures="0" timestamp="17 May 2018 07:32:31 GMT" skipped="0" hostname="SSG-INDIA-WS21" errors="0">
  <testcase name="getphonumber" time="10878.666" classname="com.propertyradar.phonenumbercollection.PhonenumberReterival"/>
</testsuite> <!-- com.propertyradar.phonenumbercollection.PhonenumberReterival -->
