<?xml version="1.0" encoding="UTF-8"?>
<!-- Generated by org.testng.reporters.JUnitReportReporter -->
<testsuite skipped="0" hostname="SSG-INDIA-WS74" name="com.propertyradarnots.ReterivalIdSearchNots" tests="1" failures="0" timestamp="28 Nov 2018 23:35:59 GMT" time="28018.600" errors="0">
  <testcase name="getphonumber" time="28018.600" classname="com.propertyradarnots.ReterivalIdSearchNots"/>
</testsuite> <!-- com.propertyradarnots.ReterivalIdSearchNots -->
