<?xml version="1.0" encoding="UTF-8"?>
<!-- Generated by org.testng.reporters.JUnitReportReporter -->
<testsuite skipped="0" hostname="SSG-INDIA-WS74" name="com.propertyradar.phonenumbercollection.loginpropertyradar" tests="1" failures="0" timestamp="21 Nov 2018 09:44:09 GMT" time="91.600" errors="0">
  <testcase name="login" time="91.600" classname="com.propertyradar.phonenumbercollection.loginpropertyradar"/>
</testsuite> <!-- com.propertyradar.phonenumbercollection.loginpropertyradar -->
